ARM GAS  C:\Users\nhlan\AppData\Local\Temp\cc7kJHdW.s 			page 1


   1              		.cpu cortex-m4
   2              		.arch armv7e-m
   3              		.fpu fpv4-sp-d16
   4              		.eabi_attribute 27, 1
   5              		.eabi_attribute 28, 1
   6              		.eabi_attribute 20, 1
   7              		.eabi_attribute 21, 1
   8              		.eabi_attribute 23, 3
   9              		.eabi_attribute 24, 1
  10              		.eabi_attribute 25, 1
  11              		.eabi_attribute 26, 1
  12              		.eabi_attribute 30, 1
  13              		.eabi_attribute 34, 1
  14              		.eabi_attribute 18, 4
  15              		.file	"main.c"
  16              		.text
  17              		.section	.text.MX_GPIO_Init,"ax",%progbits
  18              		.align	1
  19              		.syntax unified
  20              		.thumb
  21              		.thumb_func
  23              	MX_GPIO_Init:
  24              		@ args = 0, pretend = 0, frame = 32
  25              		@ frame_needed = 0, uses_anonymous_args = 0
  26 0000 2DE9F04F 		push	{r4, r5, r6, r7, r8, r9, r10, fp, lr}
  27 0004 89B0     		sub	sp, sp, #36
  28 0006 03AD     		add	r5, sp, #12
  29 0008 0024     		movs	r4, #0
  30 000a 0394     		str	r4, [sp, #12]
  31 000c 0494     		str	r4, [sp, #16]
  32 000e 0594     		str	r4, [sp, #20]
  33 0010 0694     		str	r4, [sp, #24]
  34 0012 0794     		str	r4, [sp, #28]
  35 0014 0094     		str	r4, [sp]
  36 0016 2F4B     		ldr	r3, .L3
  37 0018 1A6B     		ldr	r2, [r3, #48]
  38 001a 42F08002 		orr	r2, r2, #128
  39 001e 1A63     		str	r2, [r3, #48]
  40 0020 1A6B     		ldr	r2, [r3, #48]
  41 0022 02F08002 		and	r2, r2, #128
  42 0026 0092     		str	r2, [sp]
  43 0028 009A     		ldr	r2, [sp]
  44 002a 0194     		str	r4, [sp, #4]
  45 002c 1A6B     		ldr	r2, [r3, #48]
  46 002e 42F00102 		orr	r2, r2, #1
  47 0032 1A63     		str	r2, [r3, #48]
  48 0034 1A6B     		ldr	r2, [r3, #48]
  49 0036 02F00102 		and	r2, r2, #1
  50 003a 0192     		str	r2, [sp, #4]
  51 003c 019A     		ldr	r2, [sp, #4]
  52 003e 0294     		str	r4, [sp, #8]
  53 0040 1A6B     		ldr	r2, [r3, #48]
  54 0042 42F00202 		orr	r2, r2, #2
  55 0046 1A63     		str	r2, [r3, #48]
  56 0048 1B6B     		ldr	r3, [r3, #48]
  57 004a 03F00203 		and	r3, r3, #2
  58 004e 0293     		str	r3, [sp, #8]
ARM GAS  C:\Users\nhlan\AppData\Local\Temp\cc7kJHdW.s 			page 2


  59 0050 029B     		ldr	r3, [sp, #8]
  60 0052 4FF4404B 		mov	fp, #49152
  61 0056 CDF80CB0 		str	fp, [sp, #12]
  62 005a 0127     		movs	r7, #1
  63 005c 0497     		str	r7, [sp, #16]
  64 005e DFF880A0 		ldr	r10, .L3+12
  65 0062 2946     		mov	r1, r5
  66 0064 5046     		mov	r0, r10
  67 0066 FFF7FEFF 		bl	HAL_GPIO_Init
  68 006a 4FF44079 		mov	r9, #768
  69 006e CDF80C90 		str	r9, [sp, #12]
  70 0072 2946     		mov	r1, r5
  71 0074 1848     		ldr	r0, .L3+4
  72 0076 FFF7FEFF 		bl	HAL_GPIO_Init
  73 007a 4FF41048 		mov	r8, #36864
  74 007e CDF80C80 		str	r8, [sp, #12]
  75 0082 164E     		ldr	r6, .L3+8
  76 0084 2946     		mov	r1, r5
  77 0086 3046     		mov	r0, r6
  78 0088 FFF7FEFF 		bl	HAL_GPIO_Init
  79 008c 2246     		mov	r2, r4
  80 008e 5946     		mov	r1, fp
  81 0090 5046     		mov	r0, r10
  82 0092 FFF7FEFF 		bl	HAL_GPIO_WritePin
  83 0096 2246     		mov	r2, r4
  84 0098 4946     		mov	r1, r9
  85 009a 0F48     		ldr	r0, .L3+4
  86 009c FFF7FEFF 		bl	HAL_GPIO_WritePin
  87 00a0 2246     		mov	r2, r4
  88 00a2 4146     		mov	r1, r8
  89 00a4 3046     		mov	r0, r6
  90 00a6 FFF7FEFF 		bl	HAL_GPIO_WritePin
  91 00aa 0397     		str	r7, [sp, #12]
  92 00ac 4FF48813 		mov	r3, #1114112
  93 00b0 0493     		str	r3, [sp, #16]
  94 00b2 0597     		str	r7, [sp, #20]
  95 00b4 2946     		mov	r1, r5
  96 00b6 3046     		mov	r0, r6
  97 00b8 FFF7FEFF 		bl	HAL_GPIO_Init
  98 00bc 2246     		mov	r2, r4
  99 00be 0221     		movs	r1, #2
 100 00c0 0620     		movs	r0, #6
 101 00c2 FFF7FEFF 		bl	HAL_NVIC_SetPriority
 102 00c6 0620     		movs	r0, #6
 103 00c8 FFF7FEFF 		bl	HAL_NVIC_EnableIRQ
 104 00cc 09B0     		add	sp, sp, #36
 105              		@ sp needed
 106 00ce BDE8F08F 		pop	{r4, r5, r6, r7, r8, r9, r10, fp, pc}
 107              	.L4:
 108 00d2 00BF     		.align	2
 109              	.L3:
 110 00d4 00380240 		.word	1073887232
 111 00d8 00040240 		.word	1073873920
 112 00dc 00000240 		.word	1073872896
 113 00e0 00080240 		.word	1073874944
 115              		.section	.text.MX_DMA_Init,"ax",%progbits
 116              		.align	1
ARM GAS  C:\Users\nhlan\AppData\Local\Temp\cc7kJHdW.s 			page 3


 117              		.syntax unified
 118              		.thumb
 119              		.thumb_func
 121              	MX_DMA_Init:
 122              		@ args = 0, pretend = 0, frame = 8
 123              		@ frame_needed = 0, uses_anonymous_args = 0
 124 0000 00B5     		push	{lr}
 125 0002 83B0     		sub	sp, sp, #12
 126 0004 0021     		movs	r1, #0
 127 0006 0191     		str	r1, [sp, #4]
 128 0008 094B     		ldr	r3, .L7
 129 000a 1A6B     		ldr	r2, [r3, #48]
 130 000c 42F40012 		orr	r2, r2, #2097152
 131 0010 1A63     		str	r2, [r3, #48]
 132 0012 1B6B     		ldr	r3, [r3, #48]
 133 0014 03F40013 		and	r3, r3, #2097152
 134 0018 0193     		str	r3, [sp, #4]
 135 001a 019B     		ldr	r3, [sp, #4]
 136 001c 0A46     		mov	r2, r1
 137 001e 1020     		movs	r0, #16
 138 0020 FFF7FEFF 		bl	HAL_NVIC_SetPriority
 139 0024 1020     		movs	r0, #16
 140 0026 FFF7FEFF 		bl	HAL_NVIC_EnableIRQ
 141 002a 03B0     		add	sp, sp, #12
 142              		@ sp needed
 143 002c 5DF804FB 		ldr	pc, [sp], #4
 144              	.L8:
 145              		.align	2
 146              	.L7:
 147 0030 00380240 		.word	1073887232
 149              		.section	.rodata.EXTI0_IRQHandler.str1.4,"aMS",%progbits,1
 150              		.align	2
 151              	.LC0:
 152 0000 57617665 		.ascii	"Waveform:\000"
 152      666F726D 
 152      3A00
 153              		.section	.text.EXTI0_IRQHandler,"ax",%progbits
 154              		.align	1
 155              		.global	EXTI0_IRQHandler
 156              		.syntax unified
 157              		.thumb
 158              		.thumb_func
 160              	EXTI0_IRQHandler:
 161              		@ args = 0, pretend = 0, frame = 0
 162              		@ frame_needed = 0, uses_anonymous_args = 0
 163 0000 70B5     		push	{r4, r5, r6, lr}
 164 0002 0120     		movs	r0, #1
 165 0004 FFF7FEFF 		bl	HAL_GPIO_EXTI_IRQHandler
 166 0008 FFF7FEFF 		bl	HAL_GetTick
 167 000c 224B     		ldr	r3, .L13
 168 000e 1B68     		ldr	r3, [r3]
 169 0010 C31A     		subs	r3, r0, r3
 170 0012 C82B     		cmp	r3, #200
 171 0014 00D8     		bhi	.L12
 172              	.L9:
 173 0016 70BD     		pop	{r4, r5, r6, pc}
 174              	.L12:
ARM GAS  C:\Users\nhlan\AppData\Local\Temp\cc7kJHdW.s 			page 4


 175 0018 1F4B     		ldr	r3, .L13
 176 001a 1860     		str	r0, [r3]
 177 001c 1F4D     		ldr	r5, .L13+4
 178 001e 2A68     		ldr	r2, [r5]
 179 0020 D368     		ldr	r3, [r2, #12]
 180 0022 23F40073 		bic	r3, r3, #512
 181 0026 D360     		str	r3, [r2, #12]
 182 0028 1D4E     		ldr	r6, .L13+8
 183 002a 3046     		mov	r0, r6
 184 002c FFF7FEFF 		bl	HAL_DMA_Abort_IT
 185 0030 1C4C     		ldr	r4, .L13+12
 186 0032 2378     		ldrb	r3, [r4]	@ zero_extendqisi2
 187 0034 0133     		adds	r3, r3, #1
 188 0036 1C4A     		ldr	r2, .L13+16
 189 0038 82FB0312 		smull	r1, r2, r2, r3
 190 003c 02EB4202 		add	r2, r2, r2, lsl #1
 191 0040 A3EB4203 		sub	r3, r3, r2, lsl #1
 192 0044 DBB2     		uxtb	r3, r3
 193 0046 2370     		strb	r3, [r4]
 194 0048 2078     		ldrb	r0, [r4]	@ zero_extendqisi2
 195 004a 8023     		movs	r3, #128
 196 004c 174A     		ldr	r2, .L13+20
 197 004e 1268     		ldr	r2, [r2]
 198 0050 1749     		ldr	r1, .L13+24
 199 0052 51F82010 		ldr	r1, [r1, r0, lsl #2]
 200 0056 3046     		mov	r0, r6
 201 0058 FFF7FEFF 		bl	HAL_DMA_Start_IT
 202 005c 2A68     		ldr	r2, [r5]
 203 005e D368     		ldr	r3, [r2, #12]
 204 0060 43F40073 		orr	r3, r3, #512
 205 0064 D360     		str	r3, [r2, #12]
 206 0066 0122     		movs	r2, #1
 207 0068 2021     		movs	r1, #32
 208 006a 1248     		ldr	r0, .L13+28
 209 006c FFF7FEFF 		bl	HAL_GPIO_WritePin
 210 0070 0120     		movs	r0, #1
 211 0072 FFF7FEFF 		bl	lcd_command
 212 0076 0220     		movs	r0, #2
 213 0078 FFF7FEFF 		bl	lcd_command
 214 007c 0E48     		ldr	r0, .L13+32
 215 007e FFF7FEFF 		bl	lcd_putstring
 216 0082 C020     		movs	r0, #192
 217 0084 FFF7FEFF 		bl	lcd_command
 218 0088 2278     		ldrb	r2, [r4]	@ zero_extendqisi2
 219 008a 0C4B     		ldr	r3, .L13+36
 220 008c 53F82200 		ldr	r0, [r3, r2, lsl #2]
 221 0090 FFF7FEFF 		bl	lcd_putstring
 222 0094 BFE7     		b	.L9
 223              	.L14:
 224 0096 00BF     		.align	2
 225              	.L13:
 226 0098 00000000 		.word	lastDebounceTick
 227 009c 00000000 		.word	htim2
 228 00a0 00000000 		.word	hdma_tim2_ch1
 229 00a4 00000000 		.word	currentWave
 230 00a8 ABAAAA2A 		.word	715827883
 231 00ac 00000000 		.word	DestAddress
ARM GAS  C:\Users\nhlan\AppData\Local\Temp\cc7kJHdW.s 			page 5


 232 00b0 00000000 		.word	waveforms
 233 00b4 00000240 		.word	1073872896
 234 00b8 00000000 		.word	.LC0
 235 00bc 00000000 		.word	waveNames
 237              		.section	.text.Error_Handler,"ax",%progbits
 238              		.align	1
 239              		.global	Error_Handler
 240              		.syntax unified
 241              		.thumb
 242              		.thumb_func
 244              	Error_Handler:
 245              		@ Volatile: function does not return.
 246              		@ args = 0, pretend = 0, frame = 0
 247              		@ frame_needed = 0, uses_anonymous_args = 0
 248              		@ link register save eliminated.
 249              		.syntax unified
 250              	@ 962 "Drivers/CMSIS/Include/cmsis_gcc.h" 1
 251 0000 72B6     		cpsid i
 252              	@ 0 "" 2
 253              		.thumb
 254              		.syntax unified
 255              	.L16:
 256 0002 FEE7     		b	.L16
 258              		.section	.text.MX_TIM2_Init,"ax",%progbits
 259              		.align	1
 260              		.syntax unified
 261              		.thumb
 262              		.thumb_func
 264              	MX_TIM2_Init:
 265              		@ args = 0, pretend = 0, frame = 56
 266              		@ frame_needed = 0, uses_anonymous_args = 0
 267 0000 00B5     		push	{lr}
 268 0002 8FB0     		sub	sp, sp, #60
 269 0004 0023     		movs	r3, #0
 270 0006 0A93     		str	r3, [sp, #40]
 271 0008 0B93     		str	r3, [sp, #44]
 272 000a 0C93     		str	r3, [sp, #48]
 273 000c 0D93     		str	r3, [sp, #52]
 274 000e 0893     		str	r3, [sp, #32]
 275 0010 0993     		str	r3, [sp, #36]
 276 0012 0193     		str	r3, [sp, #4]
 277 0014 0293     		str	r3, [sp, #8]
 278 0016 0393     		str	r3, [sp, #12]
 279 0018 0493     		str	r3, [sp, #16]
 280 001a 0593     		str	r3, [sp, #20]
 281 001c 0693     		str	r3, [sp, #24]
 282 001e 0793     		str	r3, [sp, #28]
 283 0020 3748     		ldr	r0, .L31
 284 0022 4FF08042 		mov	r2, #1073741824
 285 0026 0260     		str	r2, [r0]
 286 0028 4360     		str	r3, [r0, #4]
 287 002a 8360     		str	r3, [r0, #8]
 288 002c 354A     		ldr	r2, .L31+4
 289 002e 1268     		ldr	r2, [r2]
 290 0030 013A     		subs	r2, r2, #1
 291 0032 C260     		str	r2, [r0, #12]
 292 0034 0361     		str	r3, [r0, #16]
ARM GAS  C:\Users\nhlan\AppData\Local\Temp\cc7kJHdW.s 			page 6


 293 0036 8361     		str	r3, [r0, #24]
 294 0038 FFF7FEFF 		bl	HAL_TIM_Base_Init
 295 003c 0028     		cmp	r0, #0
 296 003e 53D1     		bne	.L25
 297 0040 4FF48053 		mov	r3, #4096
 298 0044 0A93     		str	r3, [sp, #40]
 299 0046 0AA9     		add	r1, sp, #40
 300 0048 2D48     		ldr	r0, .L31
 301 004a FFF7FEFF 		bl	HAL_TIM_ConfigClockSource
 302 004e 0028     		cmp	r0, #0
 303 0050 4CD1     		bne	.L26
 304 0052 2B48     		ldr	r0, .L31
 305 0054 FFF7FEFF 		bl	HAL_TIM_OC_Init
 306 0058 0028     		cmp	r0, #0
 307 005a 49D1     		bne	.L27
 308 005c 0023     		movs	r3, #0
 309 005e 0893     		str	r3, [sp, #32]
 310 0060 0993     		str	r3, [sp, #36]
 311 0062 08A9     		add	r1, sp, #32
 312 0064 2648     		ldr	r0, .L31
 313 0066 FFF7FEFF 		bl	HAL_TIMEx_MasterConfigSynchronization
 314 006a 0028     		cmp	r0, #0
 315 006c 42D1     		bne	.L28
 316 006e 0022     		movs	r2, #0
 317 0070 0192     		str	r2, [sp, #4]
 318 0072 244B     		ldr	r3, .L31+4
 319 0074 1B68     		ldr	r3, [r3]
 320 0076 013B     		subs	r3, r3, #1
 321 0078 0293     		str	r3, [sp, #8]
 322 007a 0392     		str	r2, [sp, #12]
 323 007c 0592     		str	r2, [sp, #20]
 324 007e 01A9     		add	r1, sp, #4
 325 0080 1F48     		ldr	r0, .L31
 326 0082 FFF7FEFF 		bl	HAL_TIM_OC_ConfigChannel
 327 0086 0028     		cmp	r0, #0
 328 0088 36D1     		bne	.L29
 329 008a 0023     		movs	r3, #0
 330 008c 0093     		str	r3, [sp]
 331 008e 1E4A     		ldr	r2, .L31+8
 332 0090 116B     		ldr	r1, [r2, #48]
 333 0092 41F40011 		orr	r1, r1, #2097152
 334 0096 1163     		str	r1, [r2, #48]
 335 0098 126B     		ldr	r2, [r2, #48]
 336 009a 02F40012 		and	r2, r2, #2097152
 337 009e 0092     		str	r2, [sp]
 338 00a0 009A     		ldr	r2, [sp]
 339 00a2 1A48     		ldr	r0, .L31+12
 340 00a4 1A4A     		ldr	r2, .L31+16
 341 00a6 0260     		str	r2, [r0]
 342 00a8 4FF0C062 		mov	r2, #100663296
 343 00ac 4260     		str	r2, [r0, #4]
 344 00ae 4022     		movs	r2, #64
 345 00b0 8260     		str	r2, [r0, #8]
 346 00b2 C360     		str	r3, [r0, #12]
 347 00b4 4FF48062 		mov	r2, #1024
 348 00b8 0261     		str	r2, [r0, #16]
 349 00ba 4FF48052 		mov	r2, #4096
ARM GAS  C:\Users\nhlan\AppData\Local\Temp\cc7kJHdW.s 			page 7


 350 00be 4261     		str	r2, [r0, #20]
 351 00c0 4FF48042 		mov	r2, #16384
 352 00c4 8261     		str	r2, [r0, #24]
 353 00c6 4FF48072 		mov	r2, #256
 354 00ca C261     		str	r2, [r0, #28]
 355 00cc 4FF40032 		mov	r2, #131072
 356 00d0 0262     		str	r2, [r0, #32]
 357 00d2 4362     		str	r3, [r0, #36]
 358 00d4 FFF7FEFF 		bl	HAL_DMA_Init
 359 00d8 80B9     		cbnz	r0, .L30
 360 00da 094A     		ldr	r2, .L31
 361 00dc 0B4B     		ldr	r3, .L31+12
 362 00de 5362     		str	r3, [r2, #36]
 363 00e0 9A63     		str	r2, [r3, #56]
 364 00e2 0FB0     		add	sp, sp, #60
 365              		@ sp needed
 366 00e4 5DF804FB 		ldr	pc, [sp], #4
 367              	.L25:
 368 00e8 FFF7FEFF 		bl	Error_Handler
 369              	.L26:
 370 00ec FFF7FEFF 		bl	Error_Handler
 371              	.L27:
 372 00f0 FFF7FEFF 		bl	Error_Handler
 373              	.L28:
 374 00f4 FFF7FEFF 		bl	Error_Handler
 375              	.L29:
 376 00f8 FFF7FEFF 		bl	Error_Handler
 377              	.L30:
 378 00fc FFF7FEFF 		bl	Error_Handler
 379              	.L32:
 380              		.align	2
 381              	.L31:
 382 0100 00000000 		.word	htim2
 383 0104 00000000 		.word	TIM2_Ticks
 384 0108 00380240 		.word	1073887232
 385 010c 00000000 		.word	hdma_tim2_ch1
 386 0110 88600240 		.word	1073897608
 388              		.section	.text.MX_TIM3_Init,"ax",%progbits
 389              		.align	1
 390              		.syntax unified
 391              		.thumb
 392              		.thumb_func
 394              	MX_TIM3_Init:
 395              		@ args = 0, pretend = 0, frame = 56
 396              		@ frame_needed = 0, uses_anonymous_args = 0
 397 0000 00B5     		push	{lr}
 398 0002 8FB0     		sub	sp, sp, #60
 399 0004 0023     		movs	r3, #0
 400 0006 0A93     		str	r3, [sp, #40]
 401 0008 0B93     		str	r3, [sp, #44]
 402 000a 0C93     		str	r3, [sp, #48]
 403 000c 0D93     		str	r3, [sp, #52]
 404 000e 0893     		str	r3, [sp, #32]
 405 0010 0993     		str	r3, [sp, #36]
 406 0012 0193     		str	r3, [sp, #4]
 407 0014 0293     		str	r3, [sp, #8]
 408 0016 0393     		str	r3, [sp, #12]
ARM GAS  C:\Users\nhlan\AppData\Local\Temp\cc7kJHdW.s 			page 8


 409 0018 0493     		str	r3, [sp, #16]
 410 001a 0593     		str	r3, [sp, #20]
 411 001c 0693     		str	r3, [sp, #24]
 412 001e 0793     		str	r3, [sp, #28]
 413 0020 1E48     		ldr	r0, .L45
 414 0022 1F4A     		ldr	r2, .L45+4
 415 0024 0260     		str	r2, [r0]
 416 0026 4360     		str	r3, [r0, #4]
 417 0028 8360     		str	r3, [r0, #8]
 418 002a 4FF6FF72 		movw	r2, #65535
 419 002e C260     		str	r2, [r0, #12]
 420 0030 0361     		str	r3, [r0, #16]
 421 0032 8361     		str	r3, [r0, #24]
 422 0034 FFF7FEFF 		bl	HAL_TIM_Base_Init
 423 0038 28BB     		cbnz	r0, .L40
 424 003a 4FF48053 		mov	r3, #4096
 425 003e 0A93     		str	r3, [sp, #40]
 426 0040 0AA9     		add	r1, sp, #40
 427 0042 1648     		ldr	r0, .L45
 428 0044 FFF7FEFF 		bl	HAL_TIM_ConfigClockSource
 429 0048 F8B9     		cbnz	r0, .L41
 430 004a 1448     		ldr	r0, .L45
 431 004c FFF7FEFF 		bl	HAL_TIM_PWM_Init
 432 0050 E8B9     		cbnz	r0, .L42
 433 0052 0023     		movs	r3, #0
 434 0054 0893     		str	r3, [sp, #32]
 435 0056 0993     		str	r3, [sp, #36]
 436 0058 08A9     		add	r1, sp, #32
 437 005a 1048     		ldr	r0, .L45
 438 005c FFF7FEFF 		bl	HAL_TIMEx_MasterConfigSynchronization
 439 0060 B8B9     		cbnz	r0, .L43
 440 0062 6023     		movs	r3, #96
 441 0064 0193     		str	r3, [sp, #4]
 442 0066 0023     		movs	r3, #0
 443 0068 0293     		str	r3, [sp, #8]
 444 006a 0393     		str	r3, [sp, #12]
 445 006c 0593     		str	r3, [sp, #20]
 446 006e 0822     		movs	r2, #8
 447 0070 01A9     		add	r1, sp, #4
 448 0072 0A48     		ldr	r0, .L45
 449 0074 FFF7FEFF 		bl	HAL_TIM_PWM_ConfigChannel
 450 0078 68B9     		cbnz	r0, .L44
 451 007a 0848     		ldr	r0, .L45
 452 007c FFF7FEFF 		bl	HAL_TIM_MspPostInit
 453 0080 0FB0     		add	sp, sp, #60
 454              		@ sp needed
 455 0082 5DF804FB 		ldr	pc, [sp], #4
 456              	.L40:
 457 0086 FFF7FEFF 		bl	Error_Handler
 458              	.L41:
 459 008a FFF7FEFF 		bl	Error_Handler
 460              	.L42:
 461 008e FFF7FEFF 		bl	Error_Handler
 462              	.L43:
 463 0092 FFF7FEFF 		bl	Error_Handler
 464              	.L44:
 465 0096 FFF7FEFF 		bl	Error_Handler
ARM GAS  C:\Users\nhlan\AppData\Local\Temp\cc7kJHdW.s 			page 9


 466              	.L46:
 467 009a 00BF     		.align	2
 468              	.L45:
 469 009c 00000000 		.word	htim3
 470 00a0 00040040 		.word	1073742848
 472              		.section	.text.SystemClock_Config,"ax",%progbits
 473              		.align	1
 474              		.global	SystemClock_Config
 475              		.syntax unified
 476              		.thumb
 477              		.thumb_func
 479              	SystemClock_Config:
 480              		@ args = 0, pretend = 0, frame = 80
 481              		@ frame_needed = 0, uses_anonymous_args = 0
 482 0000 10B5     		push	{r4, lr}
 483 0002 94B0     		sub	sp, sp, #80
 484 0004 07AC     		add	r4, sp, #28
 485 0006 3422     		movs	r2, #52
 486 0008 0021     		movs	r1, #0
 487 000a 2046     		mov	r0, r4
 488 000c FFF7FEFF 		bl	memset
 489 0010 0023     		movs	r3, #0
 490 0012 0293     		str	r3, [sp, #8]
 491 0014 0393     		str	r3, [sp, #12]
 492 0016 0493     		str	r3, [sp, #16]
 493 0018 0593     		str	r3, [sp, #20]
 494 001a 0693     		str	r3, [sp, #24]
 495 001c 0093     		str	r3, [sp]
 496 001e 194A     		ldr	r2, .L53
 497 0020 116C     		ldr	r1, [r2, #64]
 498 0022 41F08051 		orr	r1, r1, #268435456
 499 0026 1164     		str	r1, [r2, #64]
 500 0028 126C     		ldr	r2, [r2, #64]
 501 002a 02F08052 		and	r2, r2, #268435456
 502 002e 0092     		str	r2, [sp]
 503 0030 009A     		ldr	r2, [sp]
 504 0032 0193     		str	r3, [sp, #4]
 505 0034 1449     		ldr	r1, .L53+4
 506 0036 0A68     		ldr	r2, [r1]
 507 0038 22F44042 		bic	r2, r2, #49152
 508 003c 42F48042 		orr	r2, r2, #16384
 509 0040 0A60     		str	r2, [r1]
 510 0042 0A68     		ldr	r2, [r1]
 511 0044 02F44042 		and	r2, r2, #49152
 512 0048 0192     		str	r2, [sp, #4]
 513 004a 019A     		ldr	r2, [sp, #4]
 514 004c 0222     		movs	r2, #2
 515 004e 0792     		str	r2, [sp, #28]
 516 0050 0122     		movs	r2, #1
 517 0052 0A92     		str	r2, [sp, #40]
 518 0054 1022     		movs	r2, #16
 519 0056 0B92     		str	r2, [sp, #44]
 520 0058 0D93     		str	r3, [sp, #52]
 521 005a 2046     		mov	r0, r4
 522 005c FFF7FEFF 		bl	HAL_RCC_OscConfig
 523 0060 60B9     		cbnz	r0, .L51
 524 0062 0F23     		movs	r3, #15
ARM GAS  C:\Users\nhlan\AppData\Local\Temp\cc7kJHdW.s 			page 10


 525 0064 0293     		str	r3, [sp, #8]
 526 0066 0021     		movs	r1, #0
 527 0068 0391     		str	r1, [sp, #12]
 528 006a 0491     		str	r1, [sp, #16]
 529 006c 0591     		str	r1, [sp, #20]
 530 006e 0691     		str	r1, [sp, #24]
 531 0070 02A8     		add	r0, sp, #8
 532 0072 FFF7FEFF 		bl	HAL_RCC_ClockConfig
 533 0076 18B9     		cbnz	r0, .L52
 534 0078 14B0     		add	sp, sp, #80
 535              		@ sp needed
 536 007a 10BD     		pop	{r4, pc}
 537              	.L51:
 538 007c FFF7FEFF 		bl	Error_Handler
 539              	.L52:
 540 0080 FFF7FEFF 		bl	Error_Handler
 541              	.L54:
 542              		.align	2
 543              	.L53:
 544 0084 00380240 		.word	1073887232
 545 0088 00700040 		.word	1073770496
 547              		.section	.rodata.main.str1.4,"aMS",%progbits,1
 548              		.align	2
 549              	.LC1:
 550 0000 57617665 		.ascii	"Waveform: \000"
 550      666F726D 
 550      3A2000
 551              		.section	.text.main,"ax",%progbits
 552              		.align	1
 553              		.global	main
 554              		.syntax unified
 555              		.thumb
 556              		.thumb_func
 558              	main:
 559              		@ Volatile: function does not return.
 560              		@ args = 0, pretend = 0, frame = 0
 561              		@ frame_needed = 0, uses_anonymous_args = 0
 562 0000 08B5     		push	{r3, lr}
 563 0002 FFF7FEFF 		bl	HAL_Init
 564 0006 FFF7FEFF 		bl	SystemClock_Config
 565 000a FFF7FEFF 		bl	MX_GPIO_Init
 566 000e FFF7FEFF 		bl	MX_DMA_Init
 567 0012 FFF7FEFF 		bl	MX_TIM2_Init
 568 0016 FFF7FEFF 		bl	MX_TIM3_Init
 569 001a 0821     		movs	r1, #8
 570 001c 1148     		ldr	r0, .L58
 571 001e FFF7FEFF 		bl	HAL_TIM_PWM_Start
 572 0022 114C     		ldr	r4, .L58+4
 573 0024 0021     		movs	r1, #0
 574 0026 2046     		mov	r0, r4
 575 0028 FFF7FEFF 		bl	HAL_TIM_OC_Start
 576 002c 8023     		movs	r3, #128
 577 002e 0F4A     		ldr	r2, .L58+8
 578 0030 1268     		ldr	r2, [r2]
 579 0032 0F49     		ldr	r1, .L58+12
 580 0034 0F48     		ldr	r0, .L58+16
 581 0036 FFF7FEFF 		bl	HAL_DMA_Start_IT
ARM GAS  C:\Users\nhlan\AppData\Local\Temp\cc7kJHdW.s 			page 11


 582 003a FFF7FEFF 		bl	init_LCD
 583 003e 0120     		movs	r0, #1
 584 0040 FFF7FEFF 		bl	lcd_command
 585 0044 0220     		movs	r0, #2
 586 0046 FFF7FEFF 		bl	lcd_command
 587 004a 0B48     		ldr	r0, .L58+20
 588 004c FFF7FEFF 		bl	lcd_putstring
 589 0050 C020     		movs	r0, #192
 590 0052 FFF7FEFF 		bl	lcd_command
 591 0056 2268     		ldr	r2, [r4]
 592 0058 D368     		ldr	r3, [r2, #12]
 593 005a 43F40073 		orr	r3, r3, #512
 594 005e D360     		str	r3, [r2, #12]
 595              	.L56:
 596 0060 FEE7     		b	.L56
 597              	.L59:
 598 0062 00BF     		.align	2
 599              	.L58:
 600 0064 00000000 		.word	htim3
 601 0068 00000000 		.word	htim2
 602 006c 00000000 		.word	DestAddress
 603 0070 00000000 		.word	Sin_LUT
 604 0074 00000000 		.word	hdma_tim2_ch1
 605 0078 00000000 		.word	.LC1
 607              		.global	waveNames
 608              		.section	.rodata.str1.4,"aMS",%progbits,1
 609              		.align	2
 610              	.LC2:
 611 0000 53696E65 		.ascii	"Sine\000"
 611      00
 612 0005 000000   		.align	2
 613              	.LC3:
 614 0008 53617774 		.ascii	"Sawtooth\000"
 614      6F6F7468 
 614      00
 615 0011 000000   		.align	2
 616              	.LC4:
 617 0014 54726961 		.ascii	"Triangle\000"
 617      6E676C65 
 617      00
 618 001d 000000   		.align	2
 619              	.LC5:
 620 0020 5069616E 		.ascii	"Piano\000"
 620      6F00
 621 0026 0000     		.align	2
 622              	.LC6:
 623 0028 47756974 		.ascii	"Guitar\000"
 623      617200
 624 002f 00       		.align	2
 625              	.LC7:
 626 0030 4472756D 		.ascii	"Drum\000"
 626      00
 627              		.section	.data.waveNames,"aw"
 628              		.align	2
 631              	waveNames:
 632 0000 00000000 		.word	.LC2
 633 0004 08000000 		.word	.LC3
ARM GAS  C:\Users\nhlan\AppData\Local\Temp\cc7kJHdW.s 			page 12


 634 0008 14000000 		.word	.LC4
 635 000c 20000000 		.word	.LC5
 636 0010 28000000 		.word	.LC6
 637 0014 30000000 		.word	.LC7
 638              		.global	waveforms
 639              		.section	.data.waveforms,"aw"
 640              		.align	2
 643              	waveforms:
 644 0000 00000000 		.word	Sin_LUT
 645 0004 00000000 		.word	Saw_LUT
 646 0008 00000000 		.word	Triangle_LUT
 647 000c 00000000 		.word	Piano_LUT
 648 0010 00000000 		.word	Guitar_LUT
 649 0014 00000000 		.word	Drum_LUT
 650              		.global	currentWave
 651              		.section	.bss.currentWave,"aw",%nobits
 654              	currentWave:
 655 0000 00       		.space	1
 656              		.global	lastDebounceTick
 657              		.section	.bss.lastDebounceTick,"aw",%nobits
 658              		.align	2
 661              	lastDebounceTick:
 662 0000 00000000 		.space	4
 663              		.global	DestAddress
 664              		.section	.data.DestAddress,"aw"
 665              		.align	2
 668              	DestAddress:
 669 0000 3C040040 		.word	1073742908
 670              		.global	TIM2_Ticks
 671              		.section	.data.TIM2_Ticks,"aw"
 672              		.align	2
 675              	TIM2_Ticks:
 676 0000 06000000 		.word	6
 677              		.global	Drum_LUT
 678              		.section	.data.Drum_LUT,"aw"
 679              		.align	2
 682              	Drum_LUT:
 683 0000 FF070000 		.word	2047
 684 0004 440D0000 		.word	3396
 685 0008 48070000 		.word	1864
 686 000c 3E080000 		.word	2110
 687 0010 0F080000 		.word	2063
 688 0014 480D0000 		.word	3400
 689 0018 65070000 		.word	1893
 690 001c 8D070000 		.word	1933
 691 0020 26080000 		.word	2086
 692 0024 60080000 		.word	2144
 693 0028 F4070000 		.word	2036
 694 002c EE070000 		.word	2030
 695 0030 F7070000 		.word	2039
 696 0034 9D070000 		.word	1949
 697 0038 86050000 		.word	1414
 698 003c 38070000 		.word	1848
 699 0040 2B080000 		.word	2091
 700 0044 F0070000 		.word	2032
 701 0048 FC070000 		.word	2044
 702 004c 0B080000 		.word	2059
ARM GAS  C:\Users\nhlan\AppData\Local\Temp\cc7kJHdW.s 			page 13


 703 0050 00080000 		.word	2048
 704 0054 2D080000 		.word	2093
 705 0058 FC070000 		.word	2044
 706 005c E4070000 		.word	2020
 707 0060 2E080000 		.word	2094
 708 0064 0B070000 		.word	1803
 709 0068 18080000 		.word	2072
 710 006c FD070000 		.word	2045
 711 0070 7D080000 		.word	2173
 712 0074 E1070000 		.word	2017
 713 0078 A30C0000 		.word	3235
 714 007c FC040000 		.word	1276
 715 0080 87060000 		.word	1671
 716 0084 91080000 		.word	2193
 717 0088 84090000 		.word	2436
 718 008c 38080000 		.word	2104
 719 0090 8B070000 		.word	1931
 720 0094 0E080000 		.word	2062
 721 0098 EC070000 		.word	2028
 722 009c F0070000 		.word	2032
 723 00a0 FF0F0000 		.word	4095
 724 00a4 82070000 		.word	1922
 725 00a8 F3070000 		.word	2035
 726 00ac FA070000 		.word	2042
 727 00b0 C6090000 		.word	2502
 728 00b4 44090000 		.word	2372
 729 00b8 1C070000 		.word	1820
 730 00bc CC070000 		.word	1996
 731 00c0 EC080000 		.word	2284
 732 00c4 18080000 		.word	2072
 733 00c8 E2070000 		.word	2018
 734 00cc 03080000 		.word	2051
 735 00d0 9F020000 		.word	671
 736 00d4 79090000 		.word	2425
 737 00d8 1B080000 		.word	2075
 738 00dc 15080000 		.word	2069
 739 00e0 11000000 		.word	17
 740 00e4 BF080000 		.word	2239
 741 00e8 FA070000 		.word	2042
 742 00ec E7070000 		.word	2023
 743 00f0 90080000 		.word	2192
 744 00f4 04080000 		.word	2052
 745 00f8 560B0000 		.word	2902
 746 00fc 52090000 		.word	2386
 747 0100 E90F0000 		.word	4073
 748 0104 D9070000 		.word	2009
 749 0108 ED080000 		.word	2285
 750 010c F6070000 		.word	2038
 751 0110 D6090000 		.word	2518
 752 0114 970A0000 		.word	2711
 753 0118 00080000 		.word	2048
 754 011c 30080000 		.word	2096
 755 0120 5D060000 		.word	1629
 756 0124 D1070000 		.word	2001
 757 0128 26080000 		.word	2086
 758 012c FB070000 		.word	2043
 759 0130 F5090000 		.word	2549
ARM GAS  C:\Users\nhlan\AppData\Local\Temp\cc7kJHdW.s 			page 14


 760 0134 66070000 		.word	1894
 761 0138 0D080000 		.word	2061
 762 013c 1C080000 		.word	2076
 763 0140 D1070000 		.word	2001
 764 0144 07080000 		.word	2055
 765 0148 FB070000 		.word	2043
 766 014c 01080000 		.word	2049
 767 0150 33080000 		.word	2099
 768 0154 FF070000 		.word	2047
 769 0158 11080000 		.word	2065
 770 015c FF070000 		.word	2047
 771 0160 6B0B0000 		.word	2923
 772 0164 17080000 		.word	2071
 773 0168 E1070000 		.word	2017
 774 016c 20080000 		.word	2080
 775 0170 E2070000 		.word	2018
 776 0174 01080000 		.word	2049
 777 0178 27070000 		.word	1831
 778 017c DE070000 		.word	2014
 779 0180 45030000 		.word	837
 780 0184 F7080000 		.word	2295
 781 0188 BA070000 		.word	1978
 782 018c F8070000 		.word	2040
 783 0190 BC070000 		.word	1980
 784 0194 F4070000 		.word	2036
 785 0198 3A080000 		.word	2106
 786 019c FA070000 		.word	2042
 787 01a0 6B060000 		.word	1643
 788 01a4 07080000 		.word	2055
 789 01a8 12080000 		.word	2066
 790 01ac F0070000 		.word	2032
 791 01b0 02080000 		.word	2050
 792 01b4 8A090000 		.word	2442
 793 01b8 61080000 		.word	2145
 794 01bc AA080000 		.word	2218
 795 01c0 4F080000 		.word	2127
 796 01c4 F0070000 		.word	2032
 797 01c8 F6070000 		.word	2038
 798 01cc F5060000 		.word	1781
 799 01d0 6A080000 		.word	2154
 800 01d4 89090000 		.word	2441
 801 01d8 54080000 		.word	2132
 802 01dc FF0F0000 		.word	4095
 803 01e0 66080000 		.word	2150
 804 01e4 DC070000 		.word	2012
 805 01e8 F4070000 		.word	2036
 806 01ec 4F060000 		.word	1615
 807 01f0 BD070000 		.word	1981
 808 01f4 43010000 		.word	323
 809 01f8 DD090000 		.word	2525
 810 01fc FF070000 		.word	2047
 811              		.global	Guitar_LUT
 812              		.section	.data.Guitar_LUT,"aw"
 813              		.align	2
 816              	Guitar_LUT:
 817 0000 B2070000 		.word	1970
 818 0004 F9080000 		.word	2297
ARM GAS  C:\Users\nhlan\AppData\Local\Temp\cc7kJHdW.s 			page 15


 819 0008 F7080000 		.word	2295
 820 000c 00080000 		.word	2048
 821 0010 E5070000 		.word	2021
 822 0014 F1060000 		.word	1777
 823 0018 D4060000 		.word	1748
 824 001c 90070000 		.word	1936
 825 0020 9D050000 		.word	1437
 826 0024 E0070000 		.word	2016
 827 0028 D4070000 		.word	2004
 828 002c B7070000 		.word	1975
 829 0030 DB070000 		.word	2011
 830 0034 CF070000 		.word	1999
 831 0038 12070000 		.word	1810
 832 003c A7070000 		.word	1959
 833 0040 AE070000 		.word	1966
 834 0044 9D070000 		.word	1949
 835 0048 4F060000 		.word	1615
 836 004c 89090000 		.word	2441
 837 0050 2A070000 		.word	1834
 838 0054 15070000 		.word	1813
 839 0058 65090000 		.word	2405
 840 005c 71080000 		.word	2161
 841 0060 97060000 		.word	1687
 842 0064 B7070000 		.word	1975
 843 0068 90070000 		.word	1936
 844 006c C1070000 		.word	1985
 845 0070 A6070000 		.word	1958
 846 0074 7A070000 		.word	1914
 847 0078 5B070000 		.word	1883
 848 007c B8070000 		.word	1976
 849 0080 B7070000 		.word	1975
 850 0084 E6070000 		.word	2022
 851 0088 EB060000 		.word	1771
 852 008c 1B080000 		.word	2075
 853 0090 EE060000 		.word	1774
 854 0094 05080000 		.word	2053
 855 0098 84070000 		.word	1924
 856 009c 7D060000 		.word	1661
 857 00a0 84080000 		.word	2180
 858 00a4 9A070000 		.word	1946
 859 00a8 BB070000 		.word	1979
 860 00ac B6070000 		.word	1974
 861 00b0 C3070000 		.word	1987
 862 00b4 3C070000 		.word	1852
 863 00b8 17080000 		.word	2071
 864 00bc AB070000 		.word	1963
 865 00c0 00070000 		.word	1792
 866 00c4 87070000 		.word	1927
 867 00c8 3F080000 		.word	2111
 868 00cc 8A070000 		.word	1930
 869 00d0 47080000 		.word	2119
 870 00d4 16080000 		.word	2070
 871 00d8 10070000 		.word	1808
 872 00dc 86070000 		.word	1926
 873 00e0 18080000 		.word	2072
 874 00e4 11080000 		.word	2065
 875 00e8 E3070000 		.word	2019
ARM GAS  C:\Users\nhlan\AppData\Local\Temp\cc7kJHdW.s 			page 16


 876 00ec CE060000 		.word	1742
 877 00f0 2B080000 		.word	2091
 878 00f4 E6070000 		.word	2022
 879 00f8 970A0000 		.word	2711
 880 00fc 70080000 		.word	2160
 881 0100 EF070000 		.word	2031
 882 0104 70080000 		.word	2160
 883 0108 98080000 		.word	2200
 884 010c 81080000 		.word	2177
 885 0110 11080000 		.word	2065
 886 0114 FC070000 		.word	2044
 887 0118 D8050000 		.word	1496
 888 011c 3B060000 		.word	1595
 889 0120 C4070000 		.word	1988
 890 0124 AA070000 		.word	1962
 891 0128 D3070000 		.word	2003
 892 012c C2070000 		.word	1986
 893 0130 97080000 		.word	2199
 894 0134 AE070000 		.word	1966
 895 0138 A2070000 		.word	1954
 896 013c BB070000 		.word	1979
 897 0140 2C080000 		.word	2092
 898 0144 3C080000 		.word	2108
 899 0148 B2060000 		.word	1714
 900 014c 07080000 		.word	2055
 901 0150 D3070000 		.word	2003
 902 0154 70060000 		.word	1648
 903 0158 03080000 		.word	2051
 904 015c 05070000 		.word	1797
 905 0160 DB070000 		.word	2011
 906 0164 EA070000 		.word	2026
 907 0168 B0070000 		.word	1968
 908 016c A3070000 		.word	1955
 909 0170 57070000 		.word	1879
 910 0174 0E070000 		.word	1806
 911 0178 F8070000 		.word	2040
 912 017c B0070000 		.word	1968
 913 0180 AD080000 		.word	2221
 914 0184 62070000 		.word	1890
 915 0188 7E080000 		.word	2174
 916 018c 70070000 		.word	1904
 917 0190 A0070000 		.word	1952
 918 0194 86070000 		.word	1926
 919 0198 9D090000 		.word	2461
 920 019c 39090000 		.word	2361
 921 01a0 8C070000 		.word	1932
 922 01a4 B6070000 		.word	1974
 923 01a8 A4070000 		.word	1956
 924 01ac AC070000 		.word	1964
 925 01b0 FA070000 		.word	2042
 926 01b4 3E070000 		.word	1854
 927 01b8 AF070000 		.word	1967
 928 01bc B6070000 		.word	1974
 929 01c0 3A070000 		.word	1850
 930 01c4 9D070000 		.word	1949
 931 01c8 24080000 		.word	2084
 932 01cc 14070000 		.word	1812
ARM GAS  C:\Users\nhlan\AppData\Local\Temp\cc7kJHdW.s 			page 17


 933 01d0 B6080000 		.word	2230
 934 01d4 47070000 		.word	1863
 935 01d8 5E080000 		.word	2142
 936 01dc 19060000 		.word	1561
 937 01e0 EE070000 		.word	2030
 938 01e4 E9060000 		.word	1769
 939 01e8 11090000 		.word	2321
 940 01ec 1F070000 		.word	1823
 941 01f0 0C060000 		.word	1548
 942 01f4 020A0000 		.word	2562
 943 01f8 3C070000 		.word	1852
 944 01fc B2070000 		.word	1970
 945              		.global	Piano_LUT
 946              		.section	.data.Piano_LUT,"aw"
 947              		.align	2
 950              	Piano_LUT:
 951 0000 12060000 		.word	1554
 952 0004 98060000 		.word	1688
 953 0008 D5050000 		.word	1493
 954 000c 45060000 		.word	1605
 955 0010 20060000 		.word	1568
 956 0014 3C060000 		.word	1596
 957 0018 07060000 		.word	1543
 958 001c 7E060000 		.word	1662
 959 0020 41060000 		.word	1601
 960 0024 78060000 		.word	1656
 961 0028 39060000 		.word	1593
 962 002c 1B060000 		.word	1563
 963 0030 F6050000 		.word	1526
 964 0034 31070000 		.word	1841
 965 0038 1F060000 		.word	1567
 966 003c FF040000 		.word	1279
 967 0040 01060000 		.word	1537
 968 0044 14060000 		.word	1556
 969 0048 CD050000 		.word	1485
 970 004c 1D060000 		.word	1565
 971 0050 25060000 		.word	1573
 972 0054 17060000 		.word	1559
 973 0058 49040000 		.word	1097
 974 005c FA050000 		.word	1530
 975 0060 32070000 		.word	1842
 976 0064 10060000 		.word	1552
 977 0068 68090000 		.word	2408
 978 006c BD040000 		.word	1213
 979 0070 FD040000 		.word	1277
 980 0074 61050000 		.word	1377
 981 0078 CF060000 		.word	1743
 982 007c A0060000 		.word	1696
 983 0080 0D040000 		.word	1037
 984 0084 83060000 		.word	1667
 985 0088 CF050000 		.word	1487
 986 008c 41060000 		.word	1601
 987 0090 D6050000 		.word	1494
 988 0094 3F060000 		.word	1599
 989 0098 DE040000 		.word	1246
 990 009c BE050000 		.word	1470
 991 00a0 AC050000 		.word	1452
ARM GAS  C:\Users\nhlan\AppData\Local\Temp\cc7kJHdW.s 			page 18


 992 00a4 4A060000 		.word	1610
 993 00a8 DC060000 		.word	1756
 994 00ac A4050000 		.word	1444
 995 00b0 DD060000 		.word	1757
 996 00b4 AB050000 		.word	1451
 997 00b8 93080000 		.word	2195
 998 00bc 09060000 		.word	1545
 999 00c0 41060000 		.word	1601
 1000 00c4 25060000 		.word	1573
 1001 00c8 D6050000 		.word	1494
 1002 00cc 25060000 		.word	1573
 1003 00d0 FD050000 		.word	1533
 1004 00d4 07060000 		.word	1543
 1005 00d8 44090000 		.word	2372
 1006 00dc B6050000 		.word	1462
 1007 00e0 6F070000 		.word	1903
 1008 00e4 73050000 		.word	1395
 1009 00e8 E9050000 		.word	1513
 1010 00ec B9050000 		.word	1465
 1011 00f0 D1030000 		.word	977
 1012 00f4 95050000 		.word	1429
 1013 00f8 BC040000 		.word	1212
 1014 00fc 0C060000 		.word	1548
 1015 0100 1B050000 		.word	1307
 1016 0104 30060000 		.word	1584
 1017 0108 73060000 		.word	1651
 1018 010c 12060000 		.word	1554
 1019 0110 F1050000 		.word	1521
 1020 0114 F8050000 		.word	1528
 1021 0118 D0040000 		.word	1232
 1022 011c 7B060000 		.word	1659
 1023 0120 8F050000 		.word	1423
 1024 0124 3B060000 		.word	1595
 1025 0128 28050000 		.word	1320
 1026 012c F8070000 		.word	2040
 1027 0130 A7060000 		.word	1703
 1028 0134 0A060000 		.word	1546
 1029 0138 9C070000 		.word	1948
 1030 013c 90060000 		.word	1680
 1031 0140 01060000 		.word	1537
 1032 0144 10060000 		.word	1552
 1033 0148 E5050000 		.word	1509
 1034 014c 2E060000 		.word	1582
 1035 0150 0B060000 		.word	1547
 1036 0154 0D060000 		.word	1549
 1037 0158 9D060000 		.word	1693
 1038 015c 1A060000 		.word	1562
 1039 0160 3F060000 		.word	1599
 1040 0164 A7050000 		.word	1447
 1041 0168 61050000 		.word	1377
 1042 016c 0B060000 		.word	1547
 1043 0170 EF050000 		.word	1519
 1044 0174 BE060000 		.word	1726
 1045 0178 EB050000 		.word	1515
 1046 017c 50060000 		.word	1616
 1047 0180 8C070000 		.word	1932
 1048 0184 19060000 		.word	1561
ARM GAS  C:\Users\nhlan\AppData\Local\Temp\cc7kJHdW.s 			page 19


 1049 0188 33060000 		.word	1587
 1050 018c 0F060000 		.word	1551
 1051 0190 2D060000 		.word	1581
 1052 0194 FC050000 		.word	1532
 1053 0198 F5040000 		.word	1269
 1054 019c A1050000 		.word	1441
 1055 01a0 DE050000 		.word	1502
 1056 01a4 E2050000 		.word	1506
 1057 01a8 83060000 		.word	1667
 1058 01ac 3A060000 		.word	1594
 1059 01b0 06060000 		.word	1542
 1060 01b4 E7050000 		.word	1511
 1061 01b8 58050000 		.word	1368
 1062 01bc 79060000 		.word	1657
 1063 01c0 E6050000 		.word	1510
 1064 01c4 36060000 		.word	1590
 1065 01c8 E4050000 		.word	1508
 1066 01cc 2E060000 		.word	1582
 1067 01d0 03060000 		.word	1539
 1068 01d4 27060000 		.word	1575
 1069 01d8 B4050000 		.word	1460
 1070 01dc 95050000 		.word	1429
 1071 01e0 59040000 		.word	1113
 1072 01e4 16050000 		.word	1302
 1073 01e8 33060000 		.word	1587
 1074 01ec 1D060000 		.word	1565
 1075 01f0 E3050000 		.word	1507
 1076 01f4 B1050000 		.word	1457
 1077 01f8 43060000 		.word	1603
 1078 01fc 12060000 		.word	1554
 1079              		.global	Triangle_LUT
 1080              		.section	.data.Triangle_LUT,"aw"
 1081              		.align	2
 1084              	Triangle_LUT:
 1085 0000 00000000 		.word	0
 1086 0004 3F000000 		.word	63
 1087 0008 7F000000 		.word	127
 1088 000c BF000000 		.word	191
 1089 0010 FF000000 		.word	255
 1090 0014 3F010000 		.word	319
 1091 0018 7F010000 		.word	383
 1092 001c BF010000 		.word	447
 1093 0020 FF010000 		.word	511
 1094 0024 3F020000 		.word	575
 1095 0028 7F020000 		.word	639
 1096 002c BF020000 		.word	703
 1097 0030 FF020000 		.word	767
 1098 0034 3F030000 		.word	831
 1099 0038 7F030000 		.word	895
 1100 003c BF030000 		.word	959
 1101 0040 FF030000 		.word	1023
 1102 0044 3F040000 		.word	1087
 1103 0048 7F040000 		.word	1151
 1104 004c BF040000 		.word	1215
 1105 0050 FF040000 		.word	1279
 1106 0054 3F050000 		.word	1343
 1107 0058 7F050000 		.word	1407
ARM GAS  C:\Users\nhlan\AppData\Local\Temp\cc7kJHdW.s 			page 20


 1108 005c BF050000 		.word	1471
 1109 0060 FF050000 		.word	1535
 1110 0064 3F060000 		.word	1599
 1111 0068 7F060000 		.word	1663
 1112 006c BF060000 		.word	1727
 1113 0070 FF060000 		.word	1791
 1114 0074 3F070000 		.word	1855
 1115 0078 7F070000 		.word	1919
 1116 007c BF070000 		.word	1983
 1117 0080 FF070000 		.word	2047
 1118 0084 3F080000 		.word	2111
 1119 0088 7F080000 		.word	2175
 1120 008c BF080000 		.word	2239
 1121 0090 FF080000 		.word	2303
 1122 0094 3F090000 		.word	2367
 1123 0098 7F090000 		.word	2431
 1124 009c BF090000 		.word	2495
 1125 00a0 FF090000 		.word	2559
 1126 00a4 3F0A0000 		.word	2623
 1127 00a8 7F0A0000 		.word	2687
 1128 00ac BF0A0000 		.word	2751
 1129 00b0 FF0A0000 		.word	2815
 1130 00b4 3F0B0000 		.word	2879
 1131 00b8 7F0B0000 		.word	2943
 1132 00bc BF0B0000 		.word	3007
 1133 00c0 FF0B0000 		.word	3071
 1134 00c4 3F0C0000 		.word	3135
 1135 00c8 7F0C0000 		.word	3199
 1136 00cc BF0C0000 		.word	3263
 1137 00d0 FF0C0000 		.word	3327
 1138 00d4 3F0D0000 		.word	3391
 1139 00d8 7F0D0000 		.word	3455
 1140 00dc BF0D0000 		.word	3519
 1141 00e0 FF0D0000 		.word	3583
 1142 00e4 3F0E0000 		.word	3647
 1143 00e8 7F0E0000 		.word	3711
 1144 00ec BF0E0000 		.word	3775
 1145 00f0 FF0E0000 		.word	3839
 1146 00f4 3F0F0000 		.word	3903
 1147 00f8 7F0F0000 		.word	3967
 1148 00fc BF0F0000 		.word	4031
 1149 0100 FF0F0000 		.word	4095
 1150 0104 BF0F0000 		.word	4031
 1151 0108 7F0F0000 		.word	3967
 1152 010c 3F0F0000 		.word	3903
 1153 0110 FF0E0000 		.word	3839
 1154 0114 BF0E0000 		.word	3775
 1155 0118 7F0E0000 		.word	3711
 1156 011c 3F0E0000 		.word	3647
 1157 0120 FF0D0000 		.word	3583
 1158 0124 BF0D0000 		.word	3519
 1159 0128 7F0D0000 		.word	3455
 1160 012c 3F0D0000 		.word	3391
 1161 0130 FF0C0000 		.word	3327
 1162 0134 BF0C0000 		.word	3263
 1163 0138 7F0C0000 		.word	3199
 1164 013c 3F0C0000 		.word	3135
ARM GAS  C:\Users\nhlan\AppData\Local\Temp\cc7kJHdW.s 			page 21


 1165 0140 FF0B0000 		.word	3071
 1166 0144 BF0B0000 		.word	3007
 1167 0148 7F0B0000 		.word	2943
 1168 014c 3F0B0000 		.word	2879
 1169 0150 FF0A0000 		.word	2815
 1170 0154 BF0A0000 		.word	2751
 1171 0158 7F0A0000 		.word	2687
 1172 015c 3F0A0000 		.word	2623
 1173 0160 FF090000 		.word	2559
 1174 0164 BF090000 		.word	2495
 1175 0168 7F090000 		.word	2431
 1176 016c 3F090000 		.word	2367
 1177 0170 FF080000 		.word	2303
 1178 0174 BF080000 		.word	2239
 1179 0178 7F080000 		.word	2175
 1180 017c 3F080000 		.word	2111
 1181 0180 FF070000 		.word	2047
 1182 0184 BF070000 		.word	1983
 1183 0188 7F070000 		.word	1919
 1184 018c 3F070000 		.word	1855
 1185 0190 FF060000 		.word	1791
 1186 0194 BF060000 		.word	1727
 1187 0198 7F060000 		.word	1663
 1188 019c 3F060000 		.word	1599
 1189 01a0 FF050000 		.word	1535
 1190 01a4 BF050000 		.word	1471
 1191 01a8 7F050000 		.word	1407
 1192 01ac 3F050000 		.word	1343
 1193 01b0 FF040000 		.word	1279
 1194 01b4 BF040000 		.word	1215
 1195 01b8 7F040000 		.word	1151
 1196 01bc 3F040000 		.word	1087
 1197 01c0 FF030000 		.word	1023
 1198 01c4 BF030000 		.word	959
 1199 01c8 7F030000 		.word	895
 1200 01cc 3F030000 		.word	831
 1201 01d0 FF020000 		.word	767
 1202 01d4 BF020000 		.word	703
 1203 01d8 7F020000 		.word	639
 1204 01dc 3F020000 		.word	575
 1205 01e0 FF010000 		.word	511
 1206 01e4 BF010000 		.word	447
 1207 01e8 7F010000 		.word	383
 1208 01ec 3F010000 		.word	319
 1209 01f0 FF000000 		.word	255
 1210 01f4 BF000000 		.word	191
 1211 01f8 7F000000 		.word	127
 1212 01fc 3F000000 		.word	63
 1213              		.global	Saw_LUT
 1214              		.section	.data.Saw_LUT,"aw"
 1215              		.align	2
 1218              	Saw_LUT:
 1219 0000 00000000 		.word	0
 1220 0004 1F000000 		.word	31
 1221 0008 3F000000 		.word	63
 1222 000c 5F000000 		.word	95
 1223 0010 7F000000 		.word	127
ARM GAS  C:\Users\nhlan\AppData\Local\Temp\cc7kJHdW.s 			page 22


 1224 0014 9F000000 		.word	159
 1225 0018 BF000000 		.word	191
 1226 001c DF000000 		.word	223
 1227 0020 FF000000 		.word	255
 1228 0024 1F010000 		.word	287
 1229 0028 3F010000 		.word	319
 1230 002c 5F010000 		.word	351
 1231 0030 7F010000 		.word	383
 1232 0034 9F010000 		.word	415
 1233 0038 BF010000 		.word	447
 1234 003c DF010000 		.word	479
 1235 0040 FF010000 		.word	511
 1236 0044 1F020000 		.word	543
 1237 0048 3F020000 		.word	575
 1238 004c 5F020000 		.word	607
 1239 0050 7F020000 		.word	639
 1240 0054 9F020000 		.word	671
 1241 0058 BF020000 		.word	703
 1242 005c DF020000 		.word	735
 1243 0060 FF020000 		.word	767
 1244 0064 1F030000 		.word	799
 1245 0068 3F030000 		.word	831
 1246 006c 5F030000 		.word	863
 1247 0070 7F030000 		.word	895
 1248 0074 9F030000 		.word	927
 1249 0078 BF030000 		.word	959
 1250 007c DF030000 		.word	991
 1251 0080 FF030000 		.word	1023
 1252 0084 1F040000 		.word	1055
 1253 0088 3F040000 		.word	1087
 1254 008c 5F040000 		.word	1119
 1255 0090 7F040000 		.word	1151
 1256 0094 9F040000 		.word	1183
 1257 0098 BF040000 		.word	1215
 1258 009c DF040000 		.word	1247
 1259 00a0 FF040000 		.word	1279
 1260 00a4 1F050000 		.word	1311
 1261 00a8 3F050000 		.word	1343
 1262 00ac 5F050000 		.word	1375
 1263 00b0 7F050000 		.word	1407
 1264 00b4 9F050000 		.word	1439
 1265 00b8 BF050000 		.word	1471
 1266 00bc DF050000 		.word	1503
 1267 00c0 FF050000 		.word	1535
 1268 00c4 1F060000 		.word	1567
 1269 00c8 3F060000 		.word	1599
 1270 00cc 5F060000 		.word	1631
 1271 00d0 7F060000 		.word	1663
 1272 00d4 9F060000 		.word	1695
 1273 00d8 BF060000 		.word	1727
 1274 00dc DF060000 		.word	1759
 1275 00e0 FF060000 		.word	1791
 1276 00e4 1F070000 		.word	1823
 1277 00e8 3F070000 		.word	1855
 1278 00ec 5F070000 		.word	1887
 1279 00f0 7F070000 		.word	1919
 1280 00f4 9F070000 		.word	1951
ARM GAS  C:\Users\nhlan\AppData\Local\Temp\cc7kJHdW.s 			page 23


 1281 00f8 BF070000 		.word	1983
 1282 00fc DF070000 		.word	2015
 1283 0100 FF070000 		.word	2047
 1284 0104 1F080000 		.word	2079
 1285 0108 3F080000 		.word	2111
 1286 010c 5F080000 		.word	2143
 1287 0110 7F080000 		.word	2175
 1288 0114 9F080000 		.word	2207
 1289 0118 BF080000 		.word	2239
 1290 011c DF080000 		.word	2271
 1291 0120 FF080000 		.word	2303
 1292 0124 1F090000 		.word	2335
 1293 0128 3F090000 		.word	2367
 1294 012c 5F090000 		.word	2399
 1295 0130 7F090000 		.word	2431
 1296 0134 9F090000 		.word	2463
 1297 0138 BF090000 		.word	2495
 1298 013c DF090000 		.word	2527
 1299 0140 FF090000 		.word	2559
 1300 0144 1F0A0000 		.word	2591
 1301 0148 3F0A0000 		.word	2623
 1302 014c 5F0A0000 		.word	2655
 1303 0150 7F0A0000 		.word	2687
 1304 0154 9F0A0000 		.word	2719
 1305 0158 BF0A0000 		.word	2751
 1306 015c DF0A0000 		.word	2783
 1307 0160 FF0A0000 		.word	2815
 1308 0164 1F0B0000 		.word	2847
 1309 0168 3F0B0000 		.word	2879
 1310 016c 5F0B0000 		.word	2911
 1311 0170 7F0B0000 		.word	2943
 1312 0174 9F0B0000 		.word	2975
 1313 0178 BF0B0000 		.word	3007
 1314 017c DF0B0000 		.word	3039
 1315 0180 FF0B0000 		.word	3071
 1316 0184 1F0C0000 		.word	3103
 1317 0188 3F0C0000 		.word	3135
 1318 018c 5F0C0000 		.word	3167
 1319 0190 7F0C0000 		.word	3199
 1320 0194 9F0C0000 		.word	3231
 1321 0198 BF0C0000 		.word	3263
 1322 019c DF0C0000 		.word	3295
 1323 01a0 FF0C0000 		.word	3327
 1324 01a4 1F0D0000 		.word	3359
 1325 01a8 3F0D0000 		.word	3391
 1326 01ac 5F0D0000 		.word	3423
 1327 01b0 7F0D0000 		.word	3455
 1328 01b4 9F0D0000 		.word	3487
 1329 01b8 BF0D0000 		.word	3519
 1330 01bc DF0D0000 		.word	3551
 1331 01c0 FF0D0000 		.word	3583
 1332 01c4 1F0E0000 		.word	3615
 1333 01c8 3F0E0000 		.word	3647
 1334 01cc 5F0E0000 		.word	3679
 1335 01d0 7F0E0000 		.word	3711
 1336 01d4 9F0E0000 		.word	3743
 1337 01d8 BF0E0000 		.word	3775
ARM GAS  C:\Users\nhlan\AppData\Local\Temp\cc7kJHdW.s 			page 24


 1338 01dc DF0E0000 		.word	3807
 1339 01e0 FF0E0000 		.word	3839
 1340 01e4 1F0F0000 		.word	3871
 1341 01e8 3F0F0000 		.word	3903
 1342 01ec 5F0F0000 		.word	3935
 1343 01f0 7F0F0000 		.word	3967
 1344 01f4 9F0F0000 		.word	3999
 1345 01f8 BF0F0000 		.word	4031
 1346 01fc DF0F0000 		.word	4063
 1347              		.global	Sin_LUT
 1348              		.section	.data.Sin_LUT,"aw"
 1349              		.align	2
 1352              	Sin_LUT:
 1353 0000 FF070000 		.word	2047
 1354 0004 63080000 		.word	2147
 1355 0008 C8080000 		.word	2248
 1356 000c 2B090000 		.word	2347
 1357 0010 8E090000 		.word	2446
 1358 0014 F1090000 		.word	2545
 1359 0018 510A0000 		.word	2641
 1360 001c B10A0000 		.word	2737
 1361 0020 0F0B0000 		.word	2831
 1362 0024 6A0B0000 		.word	2922
 1363 0028 C40B0000 		.word	3012
 1364 002c 1C0C0000 		.word	3100
 1365 0030 710C0000 		.word	3185
 1366 0034 C30C0000 		.word	3267
 1367 0038 120D0000 		.word	3346
 1368 003c 5E0D0000 		.word	3422
 1369 0040 A70D0000 		.word	3495
 1370 0044 EC0D0000 		.word	3564
 1371 0048 2E0E0000 		.word	3630
 1372 004c 6C0E0000 		.word	3692
 1373 0050 A50E0000 		.word	3749
 1374 0054 DB0E0000 		.word	3803
 1375 0058 0D0F0000 		.word	3853
 1376 005c 3A0F0000 		.word	3898
 1377 0060 630F0000 		.word	3939
 1378 0064 870F0000 		.word	3975
 1379 0068 A60F0000 		.word	4006
 1380 006c C10F0000 		.word	4033
 1381 0070 D70F0000 		.word	4055
 1382 0074 E80F0000 		.word	4072
 1383 0078 F50F0000 		.word	4085
 1384 007c FC0F0000 		.word	4092
 1385 0080 FF0F0000 		.word	4095
 1386 0084 FC0F0000 		.word	4092
 1387 0088 F50F0000 		.word	4085
 1388 008c E80F0000 		.word	4072
 1389 0090 D70F0000 		.word	4055
 1390 0094 C10F0000 		.word	4033
 1391 0098 A60F0000 		.word	4006
 1392 009c 870F0000 		.word	3975
 1393 00a0 630F0000 		.word	3939
 1394 00a4 3A0F0000 		.word	3898
 1395 00a8 0D0F0000 		.word	3853
 1396 00ac DB0E0000 		.word	3803
ARM GAS  C:\Users\nhlan\AppData\Local\Temp\cc7kJHdW.s 			page 25


 1397 00b0 A50E0000 		.word	3749
 1398 00b4 6C0E0000 		.word	3692
 1399 00b8 2E0E0000 		.word	3630
 1400 00bc EC0D0000 		.word	3564
 1401 00c0 A70D0000 		.word	3495
 1402 00c4 5E0D0000 		.word	3422
 1403 00c8 120D0000 		.word	3346
 1404 00cc C30C0000 		.word	3267
 1405 00d0 710C0000 		.word	3185
 1406 00d4 1C0C0000 		.word	3100
 1407 00d8 C40B0000 		.word	3012
 1408 00dc 6A0B0000 		.word	2922
 1409 00e0 0F0B0000 		.word	2831
 1410 00e4 B10A0000 		.word	2737
 1411 00e8 510A0000 		.word	2641
 1412 00ec F1090000 		.word	2545
 1413 00f0 8E090000 		.word	2446
 1414 00f4 2B090000 		.word	2347
 1415 00f8 C8080000 		.word	2248
 1416 00fc 63080000 		.word	2147
 1417 0100 FF070000 		.word	2047
 1418 0104 9B070000 		.word	1947
 1419 0108 36070000 		.word	1846
 1420 010c D3060000 		.word	1747
 1421 0110 70060000 		.word	1648
 1422 0114 0D060000 		.word	1549
 1423 0118 AD050000 		.word	1453
 1424 011c 4D050000 		.word	1357
 1425 0120 EF040000 		.word	1263
 1426 0124 94040000 		.word	1172
 1427 0128 3A040000 		.word	1082
 1428 012c E2030000 		.word	994
 1429 0130 8D030000 		.word	909
 1430 0134 3B030000 		.word	827
 1431 0138 EC020000 		.word	748
 1432 013c A0020000 		.word	672
 1433 0140 57020000 		.word	599
 1434 0144 12020000 		.word	530
 1435 0148 D0010000 		.word	464
 1436 014c 92010000 		.word	402
 1437 0150 59010000 		.word	345
 1438 0154 23010000 		.word	291
 1439 0158 F1000000 		.word	241
 1440 015c C4000000 		.word	196
 1441 0160 9B000000 		.word	155
 1442 0164 77000000 		.word	119
 1443 0168 58000000 		.word	88
 1444 016c 3D000000 		.word	61
 1445 0170 27000000 		.word	39
 1446 0174 16000000 		.word	22
 1447 0178 09000000 		.word	9
 1448 017c 02000000 		.word	2
 1449 0180 00000000 		.word	0
 1450 0184 02000000 		.word	2
 1451 0188 09000000 		.word	9
 1452 018c 16000000 		.word	22
 1453 0190 27000000 		.word	39
ARM GAS  C:\Users\nhlan\AppData\Local\Temp\cc7kJHdW.s 			page 26


 1454 0194 3D000000 		.word	61
 1455 0198 58000000 		.word	88
 1456 019c 77000000 		.word	119
 1457 01a0 9B000000 		.word	155
 1458 01a4 C4000000 		.word	196
 1459 01a8 F1000000 		.word	241
 1460 01ac 23010000 		.word	291
 1461 01b0 59010000 		.word	345
 1462 01b4 92010000 		.word	402
 1463 01b8 D0010000 		.word	464
 1464 01bc 12020000 		.word	530
 1465 01c0 57020000 		.word	599
 1466 01c4 A0020000 		.word	672
 1467 01c8 EC020000 		.word	748
 1468 01cc 3B030000 		.word	827
 1469 01d0 8D030000 		.word	909
 1470 01d4 E2030000 		.word	994
 1471 01d8 3A040000 		.word	1082
 1472 01dc 94040000 		.word	1172
 1473 01e0 EF040000 		.word	1263
 1474 01e4 4D050000 		.word	1357
 1475 01e8 AD050000 		.word	1453
 1476 01ec 0D060000 		.word	1549
 1477 01f0 70060000 		.word	1648
 1478 01f4 D3060000 		.word	1747
 1479 01f8 36070000 		.word	1846
 1480 01fc 9B070000 		.word	1947
 1481              		.global	hdma_tim2_ch1
 1482              		.section	.bss.hdma_tim2_ch1,"aw",%nobits
 1483              		.align	2
 1486              	hdma_tim2_ch1:
 1487 0000 00000000 		.space	96
 1487      00000000 
 1487      00000000 
 1487      00000000 
 1487      00000000 
 1488              		.global	htim3
 1489              		.section	.bss.htim3,"aw",%nobits
 1490              		.align	2
 1493              	htim3:
 1494 0000 00000000 		.space	72
 1494      00000000 
 1494      00000000 
 1494      00000000 
 1494      00000000 
 1495              		.global	htim2
 1496              		.section	.bss.htim2,"aw",%nobits
 1497              		.align	2
 1500              	htim2:
 1501 0000 00000000 		.space	72
 1501      00000000 
 1501      00000000 
 1501      00000000 
 1501      00000000 
 1502              		.ident	"GCC: (xPack GNU Arm Embedded GCC x86_64) 14.2.1 20241119"
ARM GAS  C:\Users\nhlan\AppData\Local\Temp\cc7kJHdW.s 			page 27


DEFINED SYMBOLS
                            *ABS*:00000000 main.c
C:\Users\nhlan\AppData\Local\Temp\cc7kJHdW.s:18     .text.MX_GPIO_Init:00000000 $t
C:\Users\nhlan\AppData\Local\Temp\cc7kJHdW.s:23     .text.MX_GPIO_Init:00000000 MX_GPIO_Init
C:\Users\nhlan\AppData\Local\Temp\cc7kJHdW.s:110    .text.MX_GPIO_Init:000000d4 $d
C:\Users\nhlan\AppData\Local\Temp\cc7kJHdW.s:116    .text.MX_DMA_Init:00000000 $t
C:\Users\nhlan\AppData\Local\Temp\cc7kJHdW.s:121    .text.MX_DMA_Init:00000000 MX_DMA_Init
C:\Users\nhlan\AppData\Local\Temp\cc7kJHdW.s:147    .text.MX_DMA_Init:00000030 $d
C:\Users\nhlan\AppData\Local\Temp\cc7kJHdW.s:150    .rodata.EXTI0_IRQHandler.str1.4:00000000 $d
C:\Users\nhlan\AppData\Local\Temp\cc7kJHdW.s:154    .text.EXTI0_IRQHandler:00000000 $t
C:\Users\nhlan\AppData\Local\Temp\cc7kJHdW.s:160    .text.EXTI0_IRQHandler:00000000 EXTI0_IRQHandler
C:\Users\nhlan\AppData\Local\Temp\cc7kJHdW.s:226    .text.EXTI0_IRQHandler:00000098 $d
C:\Users\nhlan\AppData\Local\Temp\cc7kJHdW.s:661    .bss.lastDebounceTick:00000000 lastDebounceTick
C:\Users\nhlan\AppData\Local\Temp\cc7kJHdW.s:1500   .bss.htim2:00000000 htim2
C:\Users\nhlan\AppData\Local\Temp\cc7kJHdW.s:1486   .bss.hdma_tim2_ch1:00000000 hdma_tim2_ch1
C:\Users\nhlan\AppData\Local\Temp\cc7kJHdW.s:654    .bss.currentWave:00000000 currentWave
C:\Users\nhlan\AppData\Local\Temp\cc7kJHdW.s:668    .data.DestAddress:00000000 DestAddress
C:\Users\nhlan\AppData\Local\Temp\cc7kJHdW.s:643    .data.waveforms:00000000 waveforms
C:\Users\nhlan\AppData\Local\Temp\cc7kJHdW.s:631    .data.waveNames:00000000 waveNames
C:\Users\nhlan\AppData\Local\Temp\cc7kJHdW.s:238    .text.Error_Handler:00000000 $t
C:\Users\nhlan\AppData\Local\Temp\cc7kJHdW.s:244    .text.Error_Handler:00000000 Error_Handler
C:\Users\nhlan\AppData\Local\Temp\cc7kJHdW.s:259    .text.MX_TIM2_Init:00000000 $t
C:\Users\nhlan\AppData\Local\Temp\cc7kJHdW.s:264    .text.MX_TIM2_Init:00000000 MX_TIM2_Init
C:\Users\nhlan\AppData\Local\Temp\cc7kJHdW.s:382    .text.MX_TIM2_Init:00000100 $d
C:\Users\nhlan\AppData\Local\Temp\cc7kJHdW.s:675    .data.TIM2_Ticks:00000000 TIM2_Ticks
C:\Users\nhlan\AppData\Local\Temp\cc7kJHdW.s:389    .text.MX_TIM3_Init:00000000 $t
C:\Users\nhlan\AppData\Local\Temp\cc7kJHdW.s:394    .text.MX_TIM3_Init:00000000 MX_TIM3_Init
C:\Users\nhlan\AppData\Local\Temp\cc7kJHdW.s:469    .text.MX_TIM3_Init:0000009c $d
C:\Users\nhlan\AppData\Local\Temp\cc7kJHdW.s:1493   .bss.htim3:00000000 htim3
C:\Users\nhlan\AppData\Local\Temp\cc7kJHdW.s:473    .text.SystemClock_Config:00000000 $t
C:\Users\nhlan\AppData\Local\Temp\cc7kJHdW.s:479    .text.SystemClock_Config:00000000 SystemClock_Config
C:\Users\nhlan\AppData\Local\Temp\cc7kJHdW.s:544    .text.SystemClock_Config:00000084 $d
C:\Users\nhlan\AppData\Local\Temp\cc7kJHdW.s:548    .rodata.main.str1.4:00000000 $d
C:\Users\nhlan\AppData\Local\Temp\cc7kJHdW.s:552    .text.main:00000000 $t
C:\Users\nhlan\AppData\Local\Temp\cc7kJHdW.s:558    .text.main:00000000 main
C:\Users\nhlan\AppData\Local\Temp\cc7kJHdW.s:600    .text.main:00000064 $d
C:\Users\nhlan\AppData\Local\Temp\cc7kJHdW.s:1352   .data.Sin_LUT:00000000 Sin_LUT
C:\Users\nhlan\AppData\Local\Temp\cc7kJHdW.s:609    .rodata.str1.4:00000000 $d
C:\Users\nhlan\AppData\Local\Temp\cc7kJHdW.s:628    .data.waveNames:00000000 $d
C:\Users\nhlan\AppData\Local\Temp\cc7kJHdW.s:640    .data.waveforms:00000000 $d
C:\Users\nhlan\AppData\Local\Temp\cc7kJHdW.s:1218   .data.Saw_LUT:00000000 Saw_LUT
C:\Users\nhlan\AppData\Local\Temp\cc7kJHdW.s:1084   .data.Triangle_LUT:00000000 Triangle_LUT
C:\Users\nhlan\AppData\Local\Temp\cc7kJHdW.s:950    .data.Piano_LUT:00000000 Piano_LUT
C:\Users\nhlan\AppData\Local\Temp\cc7kJHdW.s:816    .data.Guitar_LUT:00000000 Guitar_LUT
C:\Users\nhlan\AppData\Local\Temp\cc7kJHdW.s:682    .data.Drum_LUT:00000000 Drum_LUT
C:\Users\nhlan\AppData\Local\Temp\cc7kJHdW.s:655    .bss.currentWave:00000000 $d
C:\Users\nhlan\AppData\Local\Temp\cc7kJHdW.s:658    .bss.lastDebounceTick:00000000 $d
C:\Users\nhlan\AppData\Local\Temp\cc7kJHdW.s:665    .data.DestAddress:00000000 $d
C:\Users\nhlan\AppData\Local\Temp\cc7kJHdW.s:672    .data.TIM2_Ticks:00000000 $d
C:\Users\nhlan\AppData\Local\Temp\cc7kJHdW.s:679    .data.Drum_LUT:00000000 $d
C:\Users\nhlan\AppData\Local\Temp\cc7kJHdW.s:813    .data.Guitar_LUT:00000000 $d
C:\Users\nhlan\AppData\Local\Temp\cc7kJHdW.s:947    .data.Piano_LUT:00000000 $d
C:\Users\nhlan\AppData\Local\Temp\cc7kJHdW.s:1081   .data.Triangle_LUT:00000000 $d
C:\Users\nhlan\AppData\Local\Temp\cc7kJHdW.s:1215   .data.Saw_LUT:00000000 $d
C:\Users\nhlan\AppData\Local\Temp\cc7kJHdW.s:1349   .data.Sin_LUT:00000000 $d
C:\Users\nhlan\AppData\Local\Temp\cc7kJHdW.s:1483   .bss.hdma_tim2_ch1:00000000 $d
C:\Users\nhlan\AppData\Local\Temp\cc7kJHdW.s:1490   .bss.htim3:00000000 $d
ARM GAS  C:\Users\nhlan\AppData\Local\Temp\cc7kJHdW.s 			page 28


C:\Users\nhlan\AppData\Local\Temp\cc7kJHdW.s:1497   .bss.htim2:00000000 $d

UNDEFINED SYMBOLS
HAL_GPIO_Init
HAL_GPIO_WritePin
HAL_NVIC_SetPriority
HAL_NVIC_EnableIRQ
HAL_GPIO_EXTI_IRQHandler
HAL_GetTick
HAL_DMA_Abort_IT
HAL_DMA_Start_IT
lcd_command
lcd_putstring
HAL_TIM_Base_Init
HAL_TIM_ConfigClockSource
HAL_TIM_OC_Init
HAL_TIMEx_MasterConfigSynchronization
HAL_TIM_OC_ConfigChannel
HAL_DMA_Init
HAL_TIM_PWM_Init
HAL_TIM_PWM_ConfigChannel
HAL_TIM_MspPostInit
memset
HAL_RCC_OscConfig
HAL_RCC_ClockConfig
HAL_Init
HAL_TIM_PWM_Start
HAL_TIM_OC_Start
init_LCD
